<?xml version="1.0" encoding="UTF-8" ?>
<testsuite tests="1" failures="1" name="TestSuite" time="36.342" errors="0" skipped="0">
  <properties>
[...]
</properties>
  <testcase classname="cucumberOptions.TestNGTestRunner" name="runScenario" time="36.342">
    <failure message="Unable to locate element: //input[@id=&apos;search-field&apos;]
For documentation on this error, please visit: https://www.selenium.dev/documentation/webdriver/troubleshooting/errors#no-such-element-exception
Build info: version: &apos;4.33.0&apos;, revision: &apos;2c6aaad03a&apos;
System info: os.name: &apos;Mac OS X&apos;, os.arch: &apos;aarch64&apos;, os.version: &apos;15.5&apos;, java.version: &apos;24.0.1&apos;
Driver info: org.openqa.selenium.firefox.FirefoxDriver
Command: [9ba95beb-bbd6-415a-ba53-4a843390a6da, findElement {value=//input[@id=&apos;search-field&apos;], using=xpath}]
Capabilities {acceptInsecureCerts: true, browserName: firefox, browserVersion: 124.0.2, moz:accessibilityChecks: false, moz:buildID: 20240401114208, moz:geckodriverVersion: 0.35.0, moz:headless: false, moz:platformVersion: 24.5.0, moz:processID: 9123, moz:profile: /var/folders/t3/gt8f856s23n..., moz:shutdownTimeout: 60000, moz:webdriverClick: true, moz:windowless: false, pageLoadStrategy: normal, platformName: mac, proxy: Proxy(), setWindowRect: true, strictFileInteractability: false, timeouts: {implicit: 0, pageLoad: 300000, script: 30000}, unhandledPromptBehavior: dismiss and notify}
Session ID: 9ba95beb-bbd6-415a-ba53-4a843390a6da" type="org.openqa.selenium.NoSuchElementException">org.openqa.selenium.NoSuchElementException: Unable to locate element: //input[@id=&apos;search-field&apos;]
For documentation on this error, please visit: https://www.selenium.dev/documentation/webdriver/troubleshooting/errors#no-such-element-exception
Build info: version: &apos;4.33.0&apos;, revision: &apos;2c6aaad03a&apos;
System info: os.name: &apos;Mac OS X&apos;, os.arch: &apos;aarch64&apos;, os.version: &apos;15.5&apos;, java.version: &apos;24.0.1&apos;
Driver info: org.openqa.selenium.firefox.FirefoxDriver
Command: [9ba95beb-bbd6-415a-ba53-4a843390a6da, findElement {value=//input[@id=&apos;search-field&apos;], using=xpath}]
Capabilities {acceptInsecureCerts: true, browserName: firefox, browserVersion: 124.0.2, moz:accessibilityChecks: false, moz:buildID: 20240401114208, moz:geckodriverVersion: 0.35.0, moz:headless: false, moz:platformVersion: 24.5.0, moz:processID: 9123, moz:profile: /var/folders/t3/gt8f856s23n..., moz:shutdownTimeout: 60000, moz:webdriverClick: true, moz:windowless: false, pageLoadStrategy: normal, platformName: mac, proxy: Proxy(), setWindowRect: true, strictFileInteractability: false, timeouts: {implicit: 0, pageLoad: 300000, script: 30000}, unhandledPromptBehavior: dismiss and notify}
Session ID: 9ba95beb-bbd6-415a-ba53-4a843390a6da
	at java.base/jdk.internal.reflect.DirectConstructorHandleAccessor.newInstance(DirectConstructorHandleAccessor.java:62)
	at java.base/java.lang.reflect.Constructor.newInstanceWithCaller(Constructor.java:499)
	at java.base/java.lang.reflect.Constructor.newInstance(Constructor.java:483)
	at org.openqa.selenium.remote.ErrorCodec.decode(ErrorCodec.java:167)
	at org.openqa.selenium.remote.codec.w3c.W3CHttpResponseCodec.decode(W3CHttpResponseCodec.java:138)
	at org.openqa.selenium.remote.codec.w3c.W3CHttpResponseCodec.decode(W3CHttpResponseCodec.java:50)
	at org.openqa.selenium.remote.HttpCommandExecutor.execute(HttpCommandExecutor.java:215)
	at org.openqa.selenium.remote.service.DriverCommandExecutor.invokeExecute(DriverCommandExecutor.java:216)
	at org.openqa.selenium.remote.service.DriverCommandExecutor.execute(DriverCommandExecutor.java:174)
	at org.openqa.selenium.remote.RemoteWebDriver.execute(RemoteWebDriver.java:544)
	at org.openqa.selenium.remote.ElementLocation$ElementFinder$2.findElement(ElementLocation.java:165)
	at org.openqa.selenium.remote.ElementLocation.findElement(ElementLocation.java:59)
	at org.openqa.selenium.remote.RemoteWebDriver.findElement(RemoteWebDriver.java:367)
	at org.openqa.selenium.remote.RemoteWebDriver.findElement(RemoteWebDriver.java:361)
	at pageObjects.OffersPage.searchItem(OffersPage.java:13)
	at stepDefinitions.OfferPageStepDefinition.user_searched_for_same_shortname_in_the_offer_page_to_check_if_product_is_exist(OfferPageStepDefinition.java:29)
	at ✽.User searched for &quot;Tom&quot; shortname in the offer page(file:///Users/mrinmoy/Documents/Development/CucumberFramework/src/test/java/features/searchProduct.feature:7)
</failure>
    <system-out>Configuring TestNG with: org.apache.maven.surefire.testng.conf.TestNG652Configurator@19dfb72a

@PlaceOrder
Scenario: Search Experience for the Product search in both home abd Offers Page        &amp;#27;[90m# src/test/java/features/searchProduct.feature:4&amp;#27;[0m
  &amp;#27;[32mGiven &amp;#27;[0m&amp;#27;[32mUser is on GreenCart landing Page&amp;#27;[0m                                              &amp;#27;[90m# stepDefinitions.LandingPageStepDefinition.user_is_on_greencart_landing_page()&amp;#27;[0m
The Product Name is extracted from Home Page: Tomato
  &amp;#27;[32mWhen &amp;#27;[0m&amp;#27;[32mUser searched with shortname &amp;#27;[0m&amp;#27;[32m&amp;#27;[1m&quot;Tom&quot;&amp;#27;[0m&amp;#27;[32m and extracted the actual name of the Product&amp;#27;[0m &amp;#27;[90m# stepDefinitions.LandingPageStepDefinition.userSearchedWithShortnameAndExtractedTheActualNameOfTheProduct(java.lang.String)&amp;#27;[0m
  &amp;#27;[31mThen &amp;#27;[0m&amp;#27;[31mUser searched for &amp;#27;[0m&amp;#27;[31m&amp;#27;[1m&quot;Tom&quot;&amp;#27;[0m&amp;#27;[31m shortname in the offer page&amp;#27;[0m                             &amp;#27;[90m# stepDefinitions.OfferPageStepDefinition.user_searched_for_same_shortname_in_the_offer_page_to_check_if_product_is_exist(java.lang.String)&amp;#27;[0m
      &amp;#27;[31morg.openqa.selenium.NoSuchElementException: Unable to locate element: //input[@id=&apos;search-field&apos;]
      For documentation on this error, please visit: https://www.selenium.dev/documentation/webdriver/troubleshooting/errors#no-such-element-exception
      Build info: version: &apos;4.33.0&apos;, revision: &apos;2c6aaad03a&apos;
      System info: os.name: &apos;Mac OS X&apos;, os.arch: &apos;aarch64&apos;, os.version: &apos;15.5&apos;, java.version: &apos;24.0.1&apos;
      Driver info: org.openqa.selenium.firefox.FirefoxDriver
      Command: [9ba95beb-bbd6-415a-ba53-4a843390a6da, findElement {value=//input[@id=&apos;search-field&apos;], using=xpath}]
      Capabilities {acceptInsecureCerts: true, browserName: firefox, browserVersion: 124.0.2, moz:accessibilityChecks: false, moz:buildID: 20240401114208, moz:geckodriverVersion: 0.35.0, moz:headless: false, moz:platformVersion: 24.5.0, moz:processID: 9123, moz:profile: /var/folders/t3/gt8f856s23n..., moz:shutdownTimeout: 60000, moz:webdriverClick: true, moz:windowless: false, pageLoadStrategy: normal, platformName: mac, proxy: Proxy(), setWindowRect: true, strictFileInteractability: false, timeouts: {implicit: 0, pageLoad: 300000, script: 30000}, unhandledPromptBehavior: dismiss and notify}
      Session ID: 9ba95beb-bbd6-415a-ba53-4a843390a6da
      	at java.base/jdk.internal.reflect.DirectConstructorHandleAccessor.newInstance(DirectConstructorHandleAccessor.java:62)
      	at java.base/java.lang.reflect.Constructor.newInstanceWithCaller(Constructor.java:499)
      	at java.base/java.lang.reflect.Constructor.newInstance(Constructor.java:483)
      	at org.openqa.selenium.remote.ErrorCodec.decode(ErrorCodec.java:167)
      	at org.openqa.selenium.remote.codec.w3c.W3CHttpResponseCodec.decode(W3CHttpResponseCodec.java:138)
      	at org.openqa.selenium.remote.codec.w3c.W3CHttpResponseCodec.decode(W3CHttpResponseCodec.java:50)
      	at org.openqa.selenium.remote.HttpCommandExecutor.execute(HttpCommandExecutor.java:215)
      	at org.openqa.selenium.remote.service.DriverCommandExecutor.invokeExecute(DriverCommandExecutor.java:216)
      	at org.openqa.selenium.remote.service.DriverCommandExecutor.execute(DriverCommandExecutor.java:174)
      	at org.openqa.selenium.remote.RemoteWebDriver.execute(RemoteWebDriver.java:544)
      	at org.openqa.selenium.remote.ElementLocation$ElementFinder$2.findElement(ElementLocation.java:165)
      	at org.openqa.selenium.remote.ElementLocation.findElement(ElementLocation.java:59)
      	at org.openqa.selenium.remote.RemoteWebDriver.findElement(RemoteWebDriver.java:367)
      	at org.openqa.selenium.remote.RemoteWebDriver.findElement(RemoteWebDriver.java:361)
      	at pageObjects.OffersPage.searchItem(OffersPage.java:13)
      	at stepDefinitions.OfferPageStepDefinition.user_searched_for_same_shortname_in_the_offer_page_to_check_if_product_is_exist(OfferPageStepDefinition.java:29)
      	at ✽.User searched for &quot;Tom&quot; shortname in the offer page(file:///Users/mrinmoy/Documents/Development/CucumberFramework/src/test/java/features/searchProduct.feature:7)&amp;#27;[0m
  &amp;#27;[36mAnd &amp;#27;[0m&amp;#27;[36mvalidate product name in offers page matches with Landing Page&amp;#27;[0m                   &amp;#27;[90m# stepDefinitions.OfferPageStepDefinition.validate_product_name_in_offers_page_matches_with_landing_page()&amp;#27;[0m
</system-out>
    <system-err>SLF4J(W): No SLF4J providers were found.
SLF4J(W): Defaulting to no-operation (NOP) logger implementation
SLF4J(W): See https://www.slf4j.org/codes.html#noProviders for further details.
</system-err>
  </testcase>
</testsuite>