<?xml version="1.0" encoding="UTF-8"?>
<!-- Generated by org.testng.reporters.JUnitReportReporter -->
<testsuite hostname="Mrinmoys-MacBook-Pro.local" failures="0" tests="2" name="cucumberOptions.TestNGTestRunner" time="150.859" errors="0" timestamp="2025-06-28T13:43:39 EDT" skipped="0">
  <testcase classname="cucumberOptions.TestNGTestRunner" name="runScenario" time="72.124"/>
  <testcase classname="cucumberOptions.TestNGTestRunner" name="runScenario" time="78.735"/>
</testsuite> <!-- cucumberOptions.TestNGTestRunner -->
