<?xml version="1.0" encoding="UTF-8"?>
<!-- Generated by org.testng.reporters.JUnitReportReporter -->
<testsuite hostname="Mrinmoys-MacBook-Pro.local" failures="0" tests="5" name="cucumberOptions.TestNGTestRunner" time="0.050" errors="0" timestamp="2025-06-16T19:15:02 EDT" skipped="0">
  <testcase classname="cucumberOptions.TestNGTestRunner" name="runScenario" time="0.002"/>
  <testcase classname="cucumberOptions.TestNGTestRunner" name="runScenario" time="0.037"/>
  <testcase classname="cucumberOptions.TestNGTestRunner" name="runScenario" time="0.005"/>
  <testcase classname="cucumberOptions.TestNGTestRunner" name="runScenario" time="0.002"/>
  <testcase classname="cucumberOptions.TestNGTestRunner" name="runScenario" time="0.004"/>
</testsuite> <!-- cucumberOptions.TestNGTestRunner -->
